<?xml version="1.0" encoding="UTF-8"?>
<!-- Generated by org.testng.reporters.JUnitXMLReporter -->
<testsuite hostname="DESKTOP-T1TKO85" ignored="2" name="Default test" tests="1" failures="0" timestamp="2022-06-20T12:10:55 IST" time="6.929" errors="0">
  <testcase name="authentiation_reuse_check" time="6.226" classname="com.authorization.test.BasicAuthenticationCheck"/>
  <testcase name="get_user_Data" time="0.0" classname="com.authorization.test.BasicAuthenticationCheck">
    <ignored/>
  </testcase> <!-- get_user_Data -->
  <testcase name="basic_preemtive_authentication_check" time="0.0" classname="com.authorization.test.BasicAuthenticationCheck">
    <ignored/>
  </testcase> <!-- basic_preemtive_authentication_check -->
</testsuite> <!-- Default test -->
