<?xml version="1.0" encoding="UTF-8"?>
<testng-results skipped="0" failed="0" ignored="0" total="1" passed="1">
  <reporter-output>
  </reporter-output>
  <suite name="Default suite" duration-ms="6214" started-at="2022-06-17T16:20:07 IST" finished-at="2022-06-17T16:20:14 IST">
    <groups>
    </groups>
    <test name="Default test" duration-ms="6214" started-at="2022-06-17T16:20:07 IST" finished-at="2022-06-17T16:20:14 IST">
      <class name="com.restpractice.toolsqa.GetpagesFromTitle">
        <test-method status="PASS" signature="getpages()[pri:0, instance:com.restpractice.toolsqa.GetpagesFromTitle@7d0587f1]" name="getpages" duration-ms="6140" started-at="2022-06-17T16:20:07 IST" finished-at="2022-06-17T16:20:14 IST">
          <reporter-output>
          </reporter-output>
        </test-method> <!-- getpages -->
      </class> <!-- com.restpractice.toolsqa.GetpagesFromTitle -->
    </test> <!-- Default test -->
  </suite> <!-- Default suite -->
</testng-results>
